<?xml version="1.0" encoding="UTF-8"?>
<!-- Generated by org.testng.reporters.JUnitReportReporter -->
<testsuite hostname="LAPTOP-61KPBHOV" name="com.testassignment.tests.TestScripts" tests="1" failures="0" timestamp="19 Jan 2020 14:09:12 GMT" time="32.630" errors="0">
  <testcase name="executeTestScenarios" time="32.630" classname="com.testassignment.tests.TestScripts"/>
</testsuite> <!-- com.testassignment.tests.TestScripts -->
