<?xml version="1.0" encoding="UTF-8"?>
<!-- Generated by org.testng.reporters.JUnitReportReporter -->
<testsuite hostname="LAPTOP-61KPBHOV" name="com.testassignment.driverscript.DriverScript" tests="1" failures="0" timestamp="19 Jan 2020 14:02:18 GMT" time="32.197" errors="0">
  <testcase name="executeTestScenarios" time="32.197" classname="com.testassignment.driverscript.DriverScript"/>
</testsuite> <!-- com.testassignment.driverscript.DriverScript -->
